<?xml version="1.0" encoding="UTF-8"?>
<!-- Generated by org.testng.reporters.JUnitReportReporter -->
<testsuite hostname="ayyildizs-MacBook-Pro.local" failures="0" tests="2" name="tests.Deneme01" time="8.697" errors="0" timestamp="2021-08-06T21:59:56 CEST" skipped="0">
  <testcase classname="tests.Deneme01" name="test" time="7.779"/>
  <system-out/>
  <testcase classname="tests.Deneme01" name="test01" time="0.918"/>
  <system-out/>
</testsuite> <!-- tests.Deneme01 -->
