<?xml version="1.0" encoding="UTF-8"?>
<!-- Generated by org.testng.reporters.JUnitReportReporter -->
<testsuite hostname="ayyildizs-MacBook-Pro.local" failures="0" tests="1" name="tests.Deneme02" time="11.743" errors="0" timestamp="2021-08-06T23:15:53 CEST" skipped="0">
  <testcase classname="tests.Deneme02" name="test01" time="11.743"/>
  <system-out/>
</testsuite> <!-- tests.Deneme02 -->
